2025-11-24 08:47:39,604 - INFO - Starting dashboard in headless mode...
2025-11-24 08:47:39,655 - INFO - Modules imported successfully
2025-11-24 08:47:39,655 - INFO - Initializing RTC system for offline time keeping...
2025-11-24 08:47:39,656 - WARNING - ⚠️ RTC initialization error: No module named 'rtc_manager' - using system time only
2025-11-24 08:47:39,706 - WARNING - Port /dev/ttyUSB0 not found; simulation_mode=OFF (honoring config)
2025-11-24 08:47:39,721 - INFO - Dashboard started with 1 devices
2025-11-24 08:47:51,451 - INFO - Received signal 15. Shutting down...
2025-11-24 08:48:46,015 - INFO - Starting dashboard in headless mode...
2025-11-24 08:48:46,040 - INFO - Modules imported successfully
2025-11-24 08:48:46,040 - INFO - Initializing RTC system for offline time keeping...
2025-11-24 08:48:46,041 - WARNING - ⚠️ RTC initialization error: No module named 'rtc_manager' - using system time only
2025-11-24 08:48:46,092 - WARNING - Port /dev/ttyUSB0 not found; simulation_mode=OFF (honoring config)
2025-11-24 08:48:46,098 - INFO - Dashboard started with 1 devices
2025-11-24 08:48:57,863 - INFO - Received signal 15. Shutting down...
2025-11-24 08:57:05,141 - INFO - Starting dashboard in headless mode...
2025-11-24 08:57:05,168 - INFO - Modules imported successfully
2025-11-24 08:57:05,168 - INFO - Initializing RTC system for offline time keeping...
2025-11-24 08:57:05,169 - WARNING - ⚠️ RTC initialization error: No module named 'rtc_manager' - using system time only
2025-11-24 08:57:05,222 - WARNING - Port /dev/ttyUSB0 not found; simulation_mode=OFF (honoring config)
2025-11-24 08:57:05,228 - INFO - Dashboard started with 1 devices
2025-11-24 08:57:30,347 - INFO - Received signal 15. Shutting down...
